2020-06-30 11:03:24,378 INFO org.springframework.boot.StartupInfoLogger [main] Starting DemoApplication on User-PC with PID 11836 (C:\Users\Professional\Desktop\demo\target\classes started by Professional in C:\Users\Professional\Desktop\demo)
2020-06-30 11:03:24,387 DEBUG org.springframework.boot.StartupInfoLogger [main] Running with Spring Boot v2.3.0.RELEASE, Spring v5.2.6.RELEASE
2020-06-30 11:03:24,391 INFO org.springframework.boot.SpringApplication [main] No active profile set, falling back to default profiles: default
2020-06-30 11:03:27,601 INFO org.springframework.data.repository.config.RepositoryConfigurationDelegate [main] Multiple Spring Data modules found, entering strict repository configuration mode!
2020-06-30 11:03:27,606 INFO org.springframework.data.repository.config.RepositoryConfigurationDelegate [main] Bootstrapping Spring Data JPA repositories in DEFAULT mode.
2020-06-30 11:03:27,906 INFO org.springframework.data.repository.config.RepositoryConfigurationDelegate [main] Finished Spring Data repository scanning in 208ms. Found 4 JPA repository interfaces.
2020-06-30 11:03:28,201 INFO org.springframework.data.repository.config.RepositoryConfigurationDelegate [main] Multiple Spring Data modules found, entering strict repository configuration mode!
2020-06-30 11:03:28,201 INFO org.springframework.data.repository.config.RepositoryConfigurationDelegate [main] Bootstrapping Spring Data JDBC repositories in DEFAULT mode.
2020-06-30 11:03:28,213 INFO org.springframework.data.repository.config.RepositoryConfigurationDelegate [main] Finished Spring Data repository scanning in 11ms. Found 0 JDBC repository interfaces.
2020-06-30 11:03:29,129 INFO org.springframework.boot.web.embedded.tomcat.TomcatWebServer [main] Tomcat initialized with port(s): 8090 (http)
2020-06-30 11:03:29,142 INFO org.apache.juli.logging.DirectJDKLog [main] Initializing ProtocolHandler ["http-nio-8090"]
2020-06-30 11:03:29,143 INFO org.apache.juli.logging.DirectJDKLog [main] Starting service [Tomcat]
2020-06-30 11:03:29,143 INFO org.apache.juli.logging.DirectJDKLog [main] Starting Servlet engine: [Apache Tomcat/9.0.35]
2020-06-30 11:03:29,276 INFO org.apache.juli.logging.DirectJDKLog [main] Initializing Spring embedded WebApplicationContext
2020-06-30 11:03:29,277 INFO org.springframework.boot.web.servlet.context.ServletWebServerApplicationContext [main] Root WebApplicationContext: initialization completed in 4615 ms
2020-06-30 11:03:29,500 INFO org.hibernate.jpa.internal.util.LogHelper [main] HHH000204: Processing PersistenceUnitInfo [name: default]
2020-06-30 11:03:29,578 INFO org.hibernate.Version [main] HHH000412: Hibernate ORM core version 5.4.15.Final
2020-06-30 11:03:29,743 INFO org.hibernate.annotations.common.reflection.java.JavaReflectionManager [main] HCANN000001: Hibernate Commons Annotations {5.1.0.Final}
2020-06-30 11:03:29,856 INFO com.zaxxer.hikari.HikariDataSource [main] HikariPool-1 - Starting...
2020-06-30 11:03:29,999 INFO com.zaxxer.hikari.HikariDataSource [main] HikariPool-1 - Start completed.
2020-06-30 11:03:30,023 INFO org.hibernate.dialect.Dialect [main] HHH000400: Using dialect: org.hibernate.dialect.PostgreSQL10Dialect
2020-06-30 11:03:31,153 INFO org.hibernate.engine.transaction.jta.platform.internal.JtaPlatformInitiator [main] HHH000490: Using JtaPlatform implementation: [org.hibernate.engine.transaction.jta.platform.internal.NoJtaPlatform]
2020-06-30 11:03:31,161 INFO org.springframework.orm.jpa.AbstractEntityManagerFactoryBean [main] Initialized JPA EntityManagerFactory for persistence unit 'default'
2020-06-30 11:03:31,670 WARN org.springframework.boot.autoconfigure.orm.jpa.JpaBaseConfiguration$JpaWebConfiguration [main] spring.jpa.open-in-view is enabled by default. Therefore, database queries may be performed during view rendering. Explicitly configure spring.jpa.open-in-view to disable this warning
2020-06-30 11:03:31,816 INFO org.springframework.scheduling.concurrent.ExecutorConfigurationSupport [main] Initializing ExecutorService 'applicationTaskExecutor'
2020-06-30 11:03:32,151 WARN org.springframework.boot.autoconfigure.freemarker.FreeMarkerAutoConfiguration [main] Cannot find template location(s): [classpath:/templates/] (please add some templates, check your FreeMarker configuration, or set spring.freemarker.checkTemplateLocation=false)
2020-06-30 11:03:32,178 INFO org.apache.juli.logging.DirectJDKLog [main] Starting ProtocolHandler ["http-nio-8090"]
2020-06-30 11:03:32,250 INFO org.springframework.boot.web.embedded.tomcat.TomcatWebServer [main] Tomcat started on port(s): 8090 (http) with context path ''
2020-06-30 11:03:32,265 INFO org.springframework.boot.StartupInfoLogger [main] Started DemoApplication in 8.61 seconds (JVM running for 10.159)
2020-06-30 11:03:45,076 INFO org.apache.juli.logging.DirectJDKLog [http-nio-8090-exec-1] Initializing Spring DispatcherServlet 'dispatcherServlet'
2020-06-30 11:03:45,077 INFO org.springframework.web.servlet.FrameworkServlet [http-nio-8090-exec-1] Initializing Servlet 'dispatcherServlet'
2020-06-30 11:03:45,085 INFO org.springframework.web.servlet.FrameworkServlet [http-nio-8090-exec-1] Completed initialization in 7 ms
