2020-10-02 13:19:26,441 INFO org.springframework.boot.StartupInfoLogger [main] Starting ProfileResultControllerTest on MacBook-Air with PID 30642 (started by roman in /Users/roman/Desktop/work/work_coll2/work_collaboration/Roman/REST/demo)
2020-10-02 13:19:26,451 DEBUG org.springframework.boot.StartupInfoLogger [main] Running with Spring Boot v2.3.0.RELEASE, Spring v5.2.6.RELEASE
2020-10-02 13:19:26,453 INFO org.springframework.boot.SpringApplication [main] No active profile set, falling back to default profiles: default
2020-10-02 13:19:27,949 INFO org.springframework.data.repository.config.RepositoryConfigurationDelegate [main] Multiple Spring Data modules found, entering strict repository configuration mode!
2020-10-02 13:19:27,950 INFO org.springframework.data.repository.config.RepositoryConfigurationDelegate [main] Bootstrapping Spring Data JPA repositories in DEFAULT mode.
2020-10-02 13:19:28,112 INFO org.springframework.data.repository.config.RepositoryConfigurationDelegate [main] Finished Spring Data repository scanning in 139ms. Found 5 JPA repository interfaces.
2020-10-02 13:19:28,424 INFO org.springframework.data.repository.config.RepositoryConfigurationDelegate [main] Multiple Spring Data modules found, entering strict repository configuration mode!
2020-10-02 13:19:28,425 INFO org.springframework.data.repository.config.RepositoryConfigurationDelegate [main] Bootstrapping Spring Data JDBC repositories in DEFAULT mode.
2020-10-02 13:19:28,440 INFO org.springframework.data.repository.config.RepositoryConfigurationDelegate [main] Finished Spring Data repository scanning in 14ms. Found 0 JDBC repository interfaces.
2020-10-02 13:19:30,330 INFO org.hibernate.jpa.internal.util.LogHelper [main] HHH000204: Processing PersistenceUnitInfo [name: default]
2020-10-02 13:19:30,493 INFO org.hibernate.Version [main] HHH000412: Hibernate ORM core version 5.4.15.Final
2020-10-02 13:19:31,202 INFO org.hibernate.annotations.common.reflection.java.JavaReflectionManager [main] HCANN000001: Hibernate Commons Annotations {5.1.0.Final}
2020-10-02 13:19:31,627 INFO com.zaxxer.hikari.HikariDataSource [main] HikariPool-1 - Starting...
2020-10-02 13:19:32,057 INFO com.zaxxer.hikari.HikariDataSource [main] HikariPool-1 - Start completed.
2020-10-02 13:19:32,149 INFO org.hibernate.dialect.Dialect [main] HHH000400: Using dialect: org.hibernate.dialect.PostgreSQL10Dialect
2020-10-02 13:19:34,590 WARN org.hibernate.tool.schema.internal.ExceptionHandlerLoggedImpl [main] GenerationTarget encountered exception accepting command : Error executing DDL "alter table if exists field add constraint FKe7dpmmr553o5k2e77qg1gkqk foreign key (table_id) references tables" via JDBC Statement
org.hibernate.tool.schema.spi.CommandAcceptanceException: Error executing DDL "alter table if exists field add constraint FKe7dpmmr553o5k2e77qg1gkqk foreign key (table_id) references tables" via JDBC Statement
	at org.hibernate.tool.schema.internal.exec.GenerationTargetToDatabase.accept(GenerationTargetToDatabase.java:67)
	at org.hibernate.tool.schema.internal.AbstractSchemaMigrator.applySqlString(AbstractSchemaMigrator.java:559)
	at org.hibernate.tool.schema.internal.AbstractSchemaMigrator.applySqlStrings(AbstractSchemaMigrator.java:504)
	at org.hibernate.tool.schema.internal.AbstractSchemaMigrator.applyForeignKeys(AbstractSchemaMigrator.java:433)
	at org.hibernate.tool.schema.internal.AbstractSchemaMigrator.performMigration(AbstractSchemaMigrator.java:249)
	at org.hibernate.tool.schema.internal.AbstractSchemaMigrator.doMigration(AbstractSchemaMigrator.java:114)
	at org.hibernate.tool.schema.spi.SchemaManagementToolCoordinator.performDatabaseAction(SchemaManagementToolCoordinator.java:184)
	at org.hibernate.tool.schema.spi.SchemaManagementToolCoordinator.process(SchemaManagementToolCoordinator.java:73)
	at org.hibernate.internal.SessionFactoryImpl.<init>(SessionFactoryImpl.java:314)
	at org.hibernate.boot.internal.SessionFactoryBuilderImpl.build(SessionFactoryBuilderImpl.java:468)
	at org.hibernate.jpa.boot.internal.EntityManagerFactoryBuilderImpl.build(EntityManagerFactoryBuilderImpl.java:1249)
	at org.springframework.orm.jpa.vendor.SpringHibernateJpaPersistenceProvider.createContainerEntityManagerFactory(SpringHibernateJpaPersistenceProvider.java:58)
	at org.springframework.orm.jpa.LocalContainerEntityManagerFactoryBean.createNativeEntityManagerFactory(LocalContainerEntityManagerFactoryBean.java:365)
	at org.springframework.orm.jpa.AbstractEntityManagerFactoryBean.buildNativeEntityManagerFactory(AbstractEntityManagerFactoryBean.java:391)
	at org.springframework.orm.jpa.AbstractEntityManagerFactoryBean.afterPropertiesSet(AbstractEntityManagerFactoryBean.java:378)
	at org.springframework.orm.jpa.LocalContainerEntityManagerFactoryBean.afterPropertiesSet(LocalContainerEntityManagerFactoryBean.java:341)
	at org.springframework.beans.factory.support.AbstractAutowireCapableBeanFactory.invokeInitMethods(AbstractAutowireCapableBeanFactory.java:1855)
	at org.springframework.beans.factory.support.AbstractAutowireCapableBeanFactory.initializeBean(AbstractAutowireCapableBeanFactory.java:1792)
	at org.springframework.beans.factory.support.AbstractAutowireCapableBeanFactory.doCreateBean(AbstractAutowireCapableBeanFactory.java:595)
	at org.springframework.beans.factory.support.AbstractAutowireCapableBeanFactory.createBean(AbstractAutowireCapableBeanFactory.java:517)
	at org.springframework.beans.factory.support.AbstractBeanFactory.lambda$doGetBean$0(AbstractBeanFactory.java:323)
	at org.springframework.beans.factory.support.DefaultSingletonBeanRegistry.getSingleton(DefaultSingletonBeanRegistry.java:226)
	at org.springframework.beans.factory.support.AbstractBeanFactory.doGetBean(AbstractBeanFactory.java:321)
	at org.springframework.beans.factory.support.AbstractBeanFactory.getBean(AbstractBeanFactory.java:202)
	at org.springframework.context.support.AbstractApplicationContext.getBean(AbstractApplicationContext.java:1108)
	at org.springframework.context.support.AbstractApplicationContext.finishBeanFactoryInitialization(AbstractApplicationContext.java:868)
	at org.springframework.context.support.AbstractApplicationContext.refresh(AbstractApplicationContext.java:550)
	at org.springframework.boot.SpringApplication.refresh(SpringApplication.java:758)
	at org.springframework.boot.SpringApplication.refresh(SpringApplication.java:750)
	at org.springframework.boot.SpringApplication.refreshContext(SpringApplication.java:397)
	at org.springframework.boot.SpringApplication.run(SpringApplication.java:315)
	at org.springframework.boot.test.context.SpringBootContextLoader.loadContext(SpringBootContextLoader.java:120)
	at org.springframework.test.context.cache.DefaultCacheAwareContextLoaderDelegate.loadContextInternal(DefaultCacheAwareContextLoaderDelegate.java:99)
	at org.springframework.test.context.cache.DefaultCacheAwareContextLoaderDelegate.loadContext(DefaultCacheAwareContextLoaderDelegate.java:124)
	at org.springframework.test.context.support.DefaultTestContext.getApplicationContext(DefaultTestContext.java:123)
	at org.springframework.test.context.web.ServletTestExecutionListener.setUpRequestContextIfNecessary(ServletTestExecutionListener.java:190)
	at org.springframework.test.context.web.ServletTestExecutionListener.prepareTestInstance(ServletTestExecutionListener.java:132)
	at org.springframework.test.context.TestContextManager.prepareTestInstance(TestContextManager.java:244)
	at org.springframework.test.context.junit.jupiter.SpringExtension.postProcessTestInstance(SpringExtension.java:98)
	at org.junit.jupiter.engine.descriptor.ClassBasedTestDescriptor.lambda$invokeTestInstancePostProcessors$5(ClassBasedTestDescriptor.java:341)
	at org.junit.jupiter.engine.descriptor.ClassBasedTestDescriptor.executeAndMaskThrowable(ClassBasedTestDescriptor.java:346)
	at org.junit.jupiter.engine.descriptor.ClassBasedTestDescriptor.lambda$invokeTestInstancePostProcessors$6(ClassBasedTestDescriptor.java:341)
	at java.base/java.util.stream.ReferencePipeline$3$1.accept(ReferencePipeline.java:195)
	at java.base/java.util.stream.ReferencePipeline$2$1.accept(ReferencePipeline.java:177)
	at java.base/java.util.ArrayList$ArrayListSpliterator.forEachRemaining(ArrayList.java:1621)
	at java.base/java.util.stream.AbstractPipeline.copyInto(AbstractPipeline.java:484)
	at java.base/java.util.stream.AbstractPipeline.wrapAndCopyInto(AbstractPipeline.java:474)
	at java.base/java.util.stream.StreamSpliterators$WrappingSpliterator.forEachRemaining(StreamSpliterators.java:312)
	at java.base/java.util.stream.Streams$ConcatSpliterator.forEachRemaining(Streams.java:735)
	at java.base/java.util.stream.Streams$ConcatSpliterator.forEachRemaining(Streams.java:734)
	at java.base/java.util.stream.ReferencePipeline$Head.forEach(ReferencePipeline.java:658)
	at org.junit.jupiter.engine.descriptor.ClassBasedTestDescriptor.invokeTestInstancePostProcessors(ClassBasedTestDescriptor.java:340)
	at org.junit.jupiter.engine.descriptor.ClassBasedTestDescriptor.instantiateAndPostProcessTestInstance(ClassBasedTestDescriptor.java:263)
	at org.junit.jupiter.engine.descriptor.ClassBasedTestDescriptor.lambda$testInstancesProvider$2(ClassBasedTestDescriptor.java:256)
	at java.base/java.util.Optional.orElseGet(Optional.java:362)
	at org.junit.jupiter.engine.descriptor.ClassBasedTestDescriptor.lambda$testInstancesProvider$3(ClassBasedTestDescriptor.java:255)
	at org.junit.jupiter.engine.execution.TestInstancesProvider.getTestInstances(TestInstancesProvider.java:29)
	at org.junit.jupiter.engine.descriptor.TestMethodTestDescriptor.lambda$prepare$0(TestMethodTestDescriptor.java:108)
	at org.junit.platform.engine.support.hierarchical.ThrowableCollector.execute(ThrowableCollector.java:73)
	at org.junit.jupiter.engine.descriptor.TestMethodTestDescriptor.prepare(TestMethodTestDescriptor.java:107)
	at org.junit.jupiter.engine.descriptor.TestMethodTestDescriptor.prepare(TestMethodTestDescriptor.java:71)
	at org.junit.platform.engine.support.hierarchical.NodeTestTask.lambda$prepare$1(NodeTestTask.java:107)
	at org.junit.platform.engine.support.hierarchical.ThrowableCollector.execute(ThrowableCollector.java:73)
	at org.junit.platform.engine.support.hierarchical.NodeTestTask.prepare(NodeTestTask.java:107)
	at org.junit.platform.engine.support.hierarchical.NodeTestTask.execute(NodeTestTask.java:75)
	at java.base/java.util.ArrayList.forEach(ArrayList.java:1507)
	at org.junit.platform.engine.support.hierarchical.SameThreadHierarchicalTestExecutorService.invokeAll(SameThreadHierarchicalTestExecutorService.java:38)
	at org.junit.platform.engine.support.hierarchical.NodeTestTask.lambda$executeRecursively$5(NodeTestTask.java:139)
	at org.junit.platform.engine.support.hierarchical.ThrowableCollector.execute(ThrowableCollector.java:73)
	at org.junit.platform.engine.support.hierarchical.NodeTestTask.lambda$executeRecursively$7(NodeTestTask.java:125)
	at org.junit.platform.engine.support.hierarchical.Node.around(Node.java:135)
	at org.junit.platform.engine.support.hierarchical.NodeTestTask.lambda$executeRecursively$8(NodeTestTask.java:123)
	at org.junit.platform.engine.support.hierarchical.ThrowableCollector.execute(ThrowableCollector.java:73)
	at org.junit.platform.engine.support.hierarchical.NodeTestTask.executeRecursively(NodeTestTask.java:122)
	at org.junit.platform.engine.support.hierarchical.NodeTestTask.execute(NodeTestTask.java:80)
	at java.base/java.util.ArrayList.forEach(ArrayList.java:1507)
	at org.junit.platform.engine.support.hierarchical.SameThreadHierarchicalTestExecutorService.invokeAll(SameThreadHierarchicalTestExecutorService.java:38)
	at org.junit.platform.engine.support.hierarchical.NodeTestTask.lambda$executeRecursively$5(NodeTestTask.java:139)
	at org.junit.platform.engine.support.hierarchical.ThrowableCollector.execute(ThrowableCollector.java:73)
	at org.junit.platform.engine.support.hierarchical.NodeTestTask.lambda$executeRecursively$7(NodeTestTask.java:125)
	at org.junit.platform.engine.support.hierarchical.Node.around(Node.java:135)
	at org.junit.platform.engine.support.hierarchical.NodeTestTask.lambda$executeRecursively$8(NodeTestTask.java:123)
	at org.junit.platform.engine.support.hierarchical.ThrowableCollector.execute(ThrowableCollector.java:73)
	at org.junit.platform.engine.support.hierarchical.NodeTestTask.executeRecursively(NodeTestTask.java:122)
	at org.junit.platform.engine.support.hierarchical.NodeTestTask.execute(NodeTestTask.java:80)
	at org.junit.platform.engine.support.hierarchical.SameThreadHierarchicalTestExecutorService.submit(SameThreadHierarchicalTestExecutorService.java:32)
	at org.junit.platform.engine.support.hierarchical.HierarchicalTestExecutor.execute(HierarchicalTestExecutor.java:57)
	at org.junit.platform.engine.support.hierarchical.HierarchicalTestEngine.execute(HierarchicalTestEngine.java:51)
	at org.junit.platform.launcher.core.DefaultLauncher.execute(DefaultLauncher.java:248)
	at org.junit.platform.launcher.core.DefaultLauncher.lambda$execute$5(DefaultLauncher.java:211)
	at org.junit.platform.launcher.core.DefaultLauncher.withInterceptedStreams(DefaultLauncher.java:226)
	at org.junit.platform.launcher.core.DefaultLauncher.execute(DefaultLauncher.java:199)
	at org.junit.platform.launcher.core.DefaultLauncher.execute(DefaultLauncher.java:132)
	at com.intellij.junit5.JUnit5IdeaTestRunner.startRunnerWithArgs(JUnit5IdeaTestRunner.java:69)
	at com.intellij.rt.junit.IdeaTestRunner$Repeater.startRunnerWithArgs(IdeaTestRunner.java:33)
	at com.intellij.rt.junit.JUnitStarter.prepareStreamsAndStart(JUnitStarter.java:230)
	at com.intellij.rt.junit.JUnitStarter.main(JUnitStarter.java:58)
Caused by: org.postgresql.util.PSQLException: ERROR: insert or update on table "field" violates foreign key constraint "fke7dpmmr553o5k2e77qg1gkqk"
  Подробности: Key (table_id)=(1) is not present in table "tables".
	at org.postgresql.core.v3.QueryExecutorImpl.receiveErrorResponse(QueryExecutorImpl.java:2533)
	at org.postgresql.core.v3.QueryExecutorImpl.processResults(QueryExecutorImpl.java:2268)
	at org.postgresql.core.v3.QueryExecutorImpl.execute(QueryExecutorImpl.java:313)
	at org.postgresql.jdbc.PgStatement.executeInternal(PgStatement.java:448)
	at org.postgresql.jdbc.PgStatement.execute(PgStatement.java:369)
	at org.postgresql.jdbc.PgStatement.executeWithFlags(PgStatement.java:310)
	at org.postgresql.jdbc.PgStatement.executeCachedSql(PgStatement.java:296)
	at org.postgresql.jdbc.PgStatement.executeWithFlags(PgStatement.java:273)
	at org.postgresql.jdbc.PgStatement.execute(PgStatement.java:268)
	at com.zaxxer.hikari.pool.ProxyStatement.execute(ProxyStatement.java:95)
	at com.zaxxer.hikari.pool.HikariProxyStatement.execute(HikariProxyStatement.java)
	at org.hibernate.tool.schema.internal.exec.GenerationTargetToDatabase.accept(GenerationTargetToDatabase.java:54)
	... 96 common frames omitted
2020-10-02 13:19:34,947 INFO org.hibernate.engine.transaction.jta.platform.internal.JtaPlatformInitiator [main] HHH000490: Using JtaPlatform implementation: [org.hibernate.engine.transaction.jta.platform.internal.NoJtaPlatform]
2020-10-02 13:19:34,971 INFO org.springframework.orm.jpa.AbstractEntityManagerFactoryBean [main] Initialized JPA EntityManagerFactory for persistence unit 'default'
2020-10-02 13:19:37,423 WARN org.springframework.boot.autoconfigure.orm.jpa.JpaBaseConfiguration$JpaWebConfiguration [main] spring.jpa.open-in-view is enabled by default. Therefore, database queries may be performed during view rendering. Explicitly configure spring.jpa.open-in-view to disable this warning
2020-10-02 13:19:37,918 INFO org.springframework.scheduling.concurrent.ExecutorConfigurationSupport [main] Initializing ExecutorService 'applicationTaskExecutor'
2020-10-02 13:19:39,107 WARN org.springframework.boot.autoconfigure.freemarker.FreeMarkerAutoConfiguration [main] Cannot find template location(s): [classpath:/templates/] (please add some templates, check your FreeMarker configuration, or set spring.freemarker.checkTemplateLocation=false)
2020-10-02 13:19:39,264 INFO org.springframework.mock.web.MockServletContext [main] Initializing Spring TestDispatcherServlet ''
2020-10-02 13:19:39,264 INFO org.springframework.web.servlet.FrameworkServlet [main] Initializing Servlet ''
2020-10-02 13:19:39,364 INFO org.springframework.web.servlet.FrameworkServlet [main] Completed initialization in 99 ms
2020-10-02 13:19:39,520 INFO org.springframework.boot.StartupInfoLogger [main] Started ProfileResultControllerTest in 13.922 seconds (JVM running for 18.654)
2020-10-02 13:19:52,040 INFO com.example.log.Logging [main] Method(): saveProfileResult ! args: [ProfileResultView(profileId=12, sourceName=Ресурс 1, ownersName=Роман, tablesName=Таблица 2, fieldName=FirstName, nameDomain=FIO2, comment=Тест 5)] ! 
2020-10-02 13:19:53,041 WARN org.hibernate.engine.jdbc.spi.SqlExceptionHelper [main] SQL Error: 0, SQLState: 55000
2020-10-02 13:19:53,045 ERROR org.hibernate.engine.jdbc.spi.SqlExceptionHelper [main] ERROR: cannot update view "profile_result_view"
  Подробности: Views that do not select from a single table or view are not automatically updatable.
  Подсказка: To enable updating the view, provide an INSTEAD OF UPDATE trigger or an unconditional ON UPDATE DO INSTEAD rule.
2020-10-02 13:19:58,094 INFO org.springframework.scheduling.concurrent.ExecutorConfigurationSupport [SpringContextShutdownHook] Shutting down ExecutorService 'applicationTaskExecutor'
2020-10-02 13:19:58,104 INFO org.springframework.orm.jpa.AbstractEntityManagerFactoryBean [SpringContextShutdownHook] Closing JPA EntityManagerFactory for persistence unit 'default'
2020-10-02 13:19:58,118 INFO com.zaxxer.hikari.HikariDataSource [SpringContextShutdownHook] HikariPool-1 - Shutdown initiated...
2020-10-02 13:19:58,144 INFO com.zaxxer.hikari.HikariDataSource [SpringContextShutdownHook] HikariPool-1 - Shutdown completed.
2020-10-02 13:20:59,950 INFO org.springframework.boot.StartupInfoLogger [main] Starting ProfileResultControllerTest on MacBook-Air with PID 30683 (started by roman in /Users/roman/Desktop/work/work_coll2/work_collaboration/Roman/REST/demo)
2020-10-02 13:20:59,955 DEBUG org.springframework.boot.StartupInfoLogger [main] Running with Spring Boot v2.3.0.RELEASE, Spring v5.2.6.RELEASE
2020-10-02 13:20:59,958 INFO org.springframework.boot.SpringApplication [main] No active profile set, falling back to default profiles: default
2020-10-02 13:21:01,947 INFO org.springframework.data.repository.config.RepositoryConfigurationDelegate [main] Multiple Spring Data modules found, entering strict repository configuration mode!
2020-10-02 13:21:01,948 INFO org.springframework.data.repository.config.RepositoryConfigurationDelegate [main] Bootstrapping Spring Data JPA repositories in DEFAULT mode.
2020-10-02 13:21:02,137 INFO org.springframework.data.repository.config.RepositoryConfigurationDelegate [main] Finished Spring Data repository scanning in 168ms. Found 5 JPA repository interfaces.
2020-10-02 13:21:02,532 INFO org.springframework.data.repository.config.RepositoryConfigurationDelegate [main] Multiple Spring Data modules found, entering strict repository configuration mode!
2020-10-02 13:21:02,533 INFO org.springframework.data.repository.config.RepositoryConfigurationDelegate [main] Bootstrapping Spring Data JDBC repositories in DEFAULT mode.
2020-10-02 13:21:02,557 INFO org.springframework.data.repository.config.RepositoryConfigurationDelegate [main] Finished Spring Data repository scanning in 22ms. Found 0 JDBC repository interfaces.
2020-10-02 13:21:04,376 INFO org.hibernate.jpa.internal.util.LogHelper [main] HHH000204: Processing PersistenceUnitInfo [name: default]
2020-10-02 13:21:04,481 INFO org.hibernate.Version [main] HHH000412: Hibernate ORM core version 5.4.15.Final
2020-10-02 13:21:04,850 INFO org.hibernate.annotations.common.reflection.java.JavaReflectionManager [main] HCANN000001: Hibernate Commons Annotations {5.1.0.Final}
2020-10-02 13:21:05,162 INFO com.zaxxer.hikari.HikariDataSource [main] HikariPool-1 - Starting...
2020-10-02 13:21:05,403 INFO com.zaxxer.hikari.HikariDataSource [main] HikariPool-1 - Start completed.
2020-10-02 13:21:05,469 INFO org.hibernate.dialect.Dialect [main] HHH000400: Using dialect: org.hibernate.dialect.PostgreSQL10Dialect
2020-10-02 13:21:07,450 INFO org.hibernate.engine.transaction.jta.platform.internal.JtaPlatformInitiator [main] HHH000490: Using JtaPlatform implementation: [org.hibernate.engine.transaction.jta.platform.internal.NoJtaPlatform]
2020-10-02 13:21:07,465 INFO org.springframework.orm.jpa.AbstractEntityManagerFactoryBean [main] Initialized JPA EntityManagerFactory for persistence unit 'default'
2020-10-02 13:21:09,618 WARN org.springframework.boot.autoconfigure.orm.jpa.JpaBaseConfiguration$JpaWebConfiguration [main] spring.jpa.open-in-view is enabled by default. Therefore, database queries may be performed during view rendering. Explicitly configure spring.jpa.open-in-view to disable this warning
2020-10-02 13:21:10,730 INFO org.springframework.scheduling.concurrent.ExecutorConfigurationSupport [main] Initializing ExecutorService 'applicationTaskExecutor'
2020-10-02 13:21:12,688 WARN org.springframework.boot.autoconfigure.freemarker.FreeMarkerAutoConfiguration [main] Cannot find template location(s): [classpath:/templates/] (please add some templates, check your FreeMarker configuration, or set spring.freemarker.checkTemplateLocation=false)
2020-10-02 13:21:13,010 INFO org.springframework.mock.web.MockServletContext [main] Initializing Spring TestDispatcherServlet ''
2020-10-02 13:21:13,011 INFO org.springframework.web.servlet.FrameworkServlet [main] Initializing Servlet ''
2020-10-02 13:21:13,042 INFO org.springframework.web.servlet.FrameworkServlet [main] Completed initialization in 30 ms
2020-10-02 13:21:13,304 INFO org.springframework.boot.StartupInfoLogger [main] Started ProfileResultControllerTest in 14.61 seconds (JVM running for 18.474)
2020-10-02 13:22:14,538 WARN com.zaxxer.hikari.pool.HikariPool$HouseKeeper [HikariPool-1 housekeeper] HikariPool-1 - Thread starvation or clock leap detected (housekeeper delta=1m9s31ms).
2020-10-02 13:22:21,217 INFO com.example.log.Logging [main] Method(): saveProfileResult ! args: [ProfileResultView(profileId=12, sourceName=Ресурс 1, ownersName=Роман, tablesName=Таблица 2, fieldName=FirstName, nameDomain=FIO2, comment=Тест 5)] ! 
2020-10-02 13:22:22,378 WARN org.hibernate.engine.jdbc.spi.SqlExceptionHelper [main] SQL Error: 0, SQLState: 55000
2020-10-02 13:22:22,384 ERROR org.hibernate.engine.jdbc.spi.SqlExceptionHelper [main] ERROR: cannot update view "profile_result_view"
  Подробности: Views that do not select from a single table or view are not automatically updatable.
  Подсказка: To enable updating the view, provide an INSTEAD OF UPDATE trigger or an unconditional ON UPDATE DO INSTEAD rule.
2020-10-02 13:22:25,835 INFO org.springframework.scheduling.concurrent.ExecutorConfigurationSupport [SpringContextShutdownHook] Shutting down ExecutorService 'applicationTaskExecutor'
2020-10-02 13:22:25,838 INFO org.springframework.orm.jpa.AbstractEntityManagerFactoryBean [SpringContextShutdownHook] Closing JPA EntityManagerFactory for persistence unit 'default'
2020-10-02 13:22:25,852 INFO com.zaxxer.hikari.HikariDataSource [SpringContextShutdownHook] HikariPool-1 - Shutdown initiated...
2020-10-02 13:22:25,886 INFO com.zaxxer.hikari.HikariDataSource [SpringContextShutdownHook] HikariPool-1 - Shutdown completed.
2020-10-02 23:11:06,621 INFO org.springframework.boot.StartupInfoLogger [main] Starting ProfileResultControllerTest on MacBook-Air with PID 1183 (started by roman in /Users/roman/Desktop/work/work_coll2/work_collaboration/Roman/REST/demo)
2020-10-02 23:11:06,625 DEBUG org.springframework.boot.StartupInfoLogger [main] Running with Spring Boot v2.3.0.RELEASE, Spring v5.2.6.RELEASE
2020-10-02 23:11:06,627 INFO org.springframework.boot.SpringApplication [main] No active profile set, falling back to default profiles: default
2020-10-02 23:11:07,873 INFO org.springframework.data.repository.config.RepositoryConfigurationDelegate [main] Multiple Spring Data modules found, entering strict repository configuration mode!
2020-10-02 23:11:07,875 INFO org.springframework.data.repository.config.RepositoryConfigurationDelegate [main] Bootstrapping Spring Data JPA repositories in DEFAULT mode.
2020-10-02 23:11:08,020 INFO org.springframework.data.repository.config.RepositoryConfigurationDelegate [main] Finished Spring Data repository scanning in 115ms. Found 5 JPA repository interfaces.
2020-10-02 23:11:08,308 INFO org.springframework.data.repository.config.RepositoryConfigurationDelegate [main] Multiple Spring Data modules found, entering strict repository configuration mode!
2020-10-02 23:11:08,308 INFO org.springframework.data.repository.config.RepositoryConfigurationDelegate [main] Bootstrapping Spring Data JDBC repositories in DEFAULT mode.
2020-10-02 23:11:08,321 INFO org.springframework.data.repository.config.RepositoryConfigurationDelegate [main] Finished Spring Data repository scanning in 12ms. Found 0 JDBC repository interfaces.
2020-10-02 23:11:09,736 INFO org.hibernate.jpa.internal.util.LogHelper [main] HHH000204: Processing PersistenceUnitInfo [name: default]
2020-10-02 23:11:09,855 INFO org.hibernate.Version [main] HHH000412: Hibernate ORM core version 5.4.15.Final
2020-10-02 23:11:10,150 INFO org.hibernate.annotations.common.reflection.java.JavaReflectionManager [main] HCANN000001: Hibernate Commons Annotations {5.1.0.Final}
2020-10-02 23:11:10,385 INFO com.zaxxer.hikari.HikariDataSource [main] HikariPool-1 - Starting...
2020-10-02 23:11:10,667 INFO com.zaxxer.hikari.HikariDataSource [main] HikariPool-1 - Start completed.
2020-10-02 23:11:10,725 INFO org.hibernate.dialect.Dialect [main] HHH000400: Using dialect: org.hibernate.dialect.PostgreSQL10Dialect
2020-10-02 23:11:13,095 INFO org.hibernate.engine.transaction.jta.platform.internal.JtaPlatformInitiator [main] HHH000490: Using JtaPlatform implementation: [org.hibernate.engine.transaction.jta.platform.internal.NoJtaPlatform]
2020-10-02 23:11:13,129 INFO org.springframework.orm.jpa.AbstractEntityManagerFactoryBean [main] Initialized JPA EntityManagerFactory for persistence unit 'default'
2020-10-02 23:11:14,818 WARN org.springframework.boot.autoconfigure.orm.jpa.JpaBaseConfiguration$JpaWebConfiguration [main] spring.jpa.open-in-view is enabled by default. Therefore, database queries may be performed during view rendering. Explicitly configure spring.jpa.open-in-view to disable this warning
2020-10-02 23:11:15,240 INFO org.springframework.scheduling.concurrent.ExecutorConfigurationSupport [main] Initializing ExecutorService 'applicationTaskExecutor'
2020-10-02 23:11:16,082 WARN org.springframework.boot.autoconfigure.freemarker.FreeMarkerAutoConfiguration [main] Cannot find template location(s): [classpath:/templates/] (please add some templates, check your FreeMarker configuration, or set spring.freemarker.checkTemplateLocation=false)
2020-10-02 23:11:16,356 INFO org.springframework.mock.web.MockServletContext [main] Initializing Spring TestDispatcherServlet ''
2020-10-02 23:11:16,357 INFO org.springframework.web.servlet.FrameworkServlet [main] Initializing Servlet ''
2020-10-02 23:11:16,406 INFO org.springframework.web.servlet.FrameworkServlet [main] Completed initialization in 47 ms
2020-10-02 23:11:16,498 INFO org.springframework.boot.StartupInfoLogger [main] Started ProfileResultControllerTest in 10.697 seconds (JVM running for 14.399)
2020-10-02 23:11:16,969 INFO org.springframework.scheduling.concurrent.ExecutorConfigurationSupport [SpringContextShutdownHook] Shutting down ExecutorService 'applicationTaskExecutor'
2020-10-02 23:11:16,972 INFO org.springframework.orm.jpa.AbstractEntityManagerFactoryBean [SpringContextShutdownHook] Closing JPA EntityManagerFactory for persistence unit 'default'
2020-10-02 23:11:16,980 INFO com.zaxxer.hikari.HikariDataSource [SpringContextShutdownHook] HikariPool-1 - Shutdown initiated...
2020-10-02 23:11:17,023 INFO com.zaxxer.hikari.HikariDataSource [SpringContextShutdownHook] HikariPool-1 - Shutdown completed.
2020-10-02 23:11:41,171 INFO org.springframework.boot.StartupInfoLogger [main] Starting ProfileResultControllerTest on MacBook-Air with PID 1204 (started by roman in /Users/roman/Desktop/work/work_coll2/work_collaboration/Roman/REST/demo)
2020-10-02 23:11:41,173 DEBUG org.springframework.boot.StartupInfoLogger [main] Running with Spring Boot v2.3.0.RELEASE, Spring v5.2.6.RELEASE
2020-10-02 23:11:41,175 INFO org.springframework.boot.SpringApplication [main] No active profile set, falling back to default profiles: default
2020-10-02 23:11:42,374 INFO org.springframework.data.repository.config.RepositoryConfigurationDelegate [main] Multiple Spring Data modules found, entering strict repository configuration mode!
2020-10-02 23:11:42,377 INFO org.springframework.data.repository.config.RepositoryConfigurationDelegate [main] Bootstrapping Spring Data JPA repositories in DEFAULT mode.
2020-10-02 23:11:42,508 INFO org.springframework.data.repository.config.RepositoryConfigurationDelegate [main] Finished Spring Data repository scanning in 113ms. Found 5 JPA repository interfaces.
2020-10-02 23:11:42,860 INFO org.springframework.data.repository.config.RepositoryConfigurationDelegate [main] Multiple Spring Data modules found, entering strict repository configuration mode!
2020-10-02 23:11:42,862 INFO org.springframework.data.repository.config.RepositoryConfigurationDelegate [main] Bootstrapping Spring Data JDBC repositories in DEFAULT mode.
2020-10-02 23:11:42,876 INFO org.springframework.data.repository.config.RepositoryConfigurationDelegate [main] Finished Spring Data repository scanning in 13ms. Found 0 JDBC repository interfaces.
2020-10-02 23:11:44,538 INFO org.hibernate.jpa.internal.util.LogHelper [main] HHH000204: Processing PersistenceUnitInfo [name: default]
2020-10-02 23:11:44,700 INFO org.hibernate.Version [main] HHH000412: Hibernate ORM core version 5.4.15.Final
2020-10-02 23:11:45,062 INFO org.hibernate.annotations.common.reflection.java.JavaReflectionManager [main] HCANN000001: Hibernate Commons Annotations {5.1.0.Final}
2020-10-02 23:11:45,318 INFO com.zaxxer.hikari.HikariDataSource [main] HikariPool-1 - Starting...
2020-10-02 23:11:45,502 INFO com.zaxxer.hikari.HikariDataSource [main] HikariPool-1 - Start completed.
2020-10-02 23:11:45,567 INFO org.hibernate.dialect.Dialect [main] HHH000400: Using dialect: org.hibernate.dialect.PostgreSQL10Dialect
2020-10-02 23:11:47,202 INFO org.hibernate.engine.transaction.jta.platform.internal.JtaPlatformInitiator [main] HHH000490: Using JtaPlatform implementation: [org.hibernate.engine.transaction.jta.platform.internal.NoJtaPlatform]
2020-10-02 23:11:47,222 INFO org.springframework.orm.jpa.AbstractEntityManagerFactoryBean [main] Initialized JPA EntityManagerFactory for persistence unit 'default'
2020-10-02 23:11:48,596 WARN org.springframework.boot.autoconfigure.orm.jpa.JpaBaseConfiguration$JpaWebConfiguration [main] spring.jpa.open-in-view is enabled by default. Therefore, database queries may be performed during view rendering. Explicitly configure spring.jpa.open-in-view to disable this warning
2020-10-02 23:11:49,006 INFO org.springframework.scheduling.concurrent.ExecutorConfigurationSupport [main] Initializing ExecutorService 'applicationTaskExecutor'
2020-10-02 23:11:49,884 WARN org.springframework.boot.autoconfigure.freemarker.FreeMarkerAutoConfiguration [main] Cannot find template location(s): [classpath:/templates/] (please add some templates, check your FreeMarker configuration, or set spring.freemarker.checkTemplateLocation=false)
2020-10-02 23:11:49,995 INFO org.springframework.mock.web.MockServletContext [main] Initializing Spring TestDispatcherServlet ''
2020-10-02 23:11:49,997 INFO org.springframework.web.servlet.FrameworkServlet [main] Initializing Servlet ''
2020-10-02 23:11:50,021 INFO org.springframework.web.servlet.FrameworkServlet [main] Completed initialization in 23 ms
2020-10-02 23:11:50,083 INFO org.springframework.boot.StartupInfoLogger [main] Started ProfileResultControllerTest in 9.931 seconds (JVM running for 13.186)
2020-10-02 23:11:50,785 INFO org.springframework.scheduling.concurrent.ExecutorConfigurationSupport [SpringContextShutdownHook] Shutting down ExecutorService 'applicationTaskExecutor'
2020-10-02 23:11:50,789 INFO org.springframework.orm.jpa.AbstractEntityManagerFactoryBean [SpringContextShutdownHook] Closing JPA EntityManagerFactory for persistence unit 'default'
2020-10-02 23:11:50,792 INFO com.zaxxer.hikari.HikariDataSource [SpringContextShutdownHook] HikariPool-1 - Shutdown initiated...
2020-10-02 23:11:50,807 INFO com.zaxxer.hikari.HikariDataSource [SpringContextShutdownHook] HikariPool-1 - Shutdown completed.
2020-10-02 23:13:41,452 INFO org.springframework.boot.StartupInfoLogger [main] Starting ProfileResultControllerTest on MacBook-Air with PID 1240 (started by roman in /Users/roman/Desktop/work/work_coll2/work_collaboration/Roman/REST/demo)
2020-10-02 23:13:41,454 DEBUG org.springframework.boot.StartupInfoLogger [main] Running with Spring Boot v2.3.0.RELEASE, Spring v5.2.6.RELEASE
2020-10-02 23:13:41,456 INFO org.springframework.boot.SpringApplication [main] No active profile set, falling back to default profiles: default
2020-10-02 23:13:42,549 INFO org.springframework.data.repository.config.RepositoryConfigurationDelegate [main] Multiple Spring Data modules found, entering strict repository configuration mode!
2020-10-02 23:13:42,550 INFO org.springframework.data.repository.config.RepositoryConfigurationDelegate [main] Bootstrapping Spring Data JPA repositories in DEFAULT mode.
2020-10-02 23:13:42,653 INFO org.springframework.data.repository.config.RepositoryConfigurationDelegate [main] Finished Spring Data repository scanning in 85ms. Found 5 JPA repository interfaces.
2020-10-02 23:13:42,978 INFO org.springframework.data.repository.config.RepositoryConfigurationDelegate [main] Multiple Spring Data modules found, entering strict repository configuration mode!
2020-10-02 23:13:42,978 INFO org.springframework.data.repository.config.RepositoryConfigurationDelegate [main] Bootstrapping Spring Data JDBC repositories in DEFAULT mode.
2020-10-02 23:13:42,998 INFO org.springframework.data.repository.config.RepositoryConfigurationDelegate [main] Finished Spring Data repository scanning in 19ms. Found 0 JDBC repository interfaces.
2020-10-02 23:13:44,204 INFO org.hibernate.jpa.internal.util.LogHelper [main] HHH000204: Processing PersistenceUnitInfo [name: default]
2020-10-02 23:13:44,351 INFO org.hibernate.Version [main] HHH000412: Hibernate ORM core version 5.4.15.Final
2020-10-02 23:13:44,608 INFO org.hibernate.annotations.common.reflection.java.JavaReflectionManager [main] HCANN000001: Hibernate Commons Annotations {5.1.0.Final}
2020-10-02 23:13:44,795 INFO com.zaxxer.hikari.HikariDataSource [main] HikariPool-1 - Starting...
2020-10-02 23:13:44,979 INFO com.zaxxer.hikari.HikariDataSource [main] HikariPool-1 - Start completed.
2020-10-02 23:13:45,029 INFO org.hibernate.dialect.Dialect [main] HHH000400: Using dialect: org.hibernate.dialect.PostgreSQL10Dialect
2020-10-02 23:13:46,610 INFO org.hibernate.engine.transaction.jta.platform.internal.JtaPlatformInitiator [main] HHH000490: Using JtaPlatform implementation: [org.hibernate.engine.transaction.jta.platform.internal.NoJtaPlatform]
2020-10-02 23:13:46,622 INFO org.springframework.orm.jpa.AbstractEntityManagerFactoryBean [main] Initialized JPA EntityManagerFactory for persistence unit 'default'
2020-10-02 23:13:47,996 WARN org.springframework.boot.autoconfigure.orm.jpa.JpaBaseConfiguration$JpaWebConfiguration [main] spring.jpa.open-in-view is enabled by default. Therefore, database queries may be performed during view rendering. Explicitly configure spring.jpa.open-in-view to disable this warning
2020-10-02 23:13:48,431 INFO org.springframework.scheduling.concurrent.ExecutorConfigurationSupport [main] Initializing ExecutorService 'applicationTaskExecutor'
2020-10-02 23:13:49,215 WARN org.springframework.boot.autoconfigure.freemarker.FreeMarkerAutoConfiguration [main] Cannot find template location(s): [classpath:/templates/] (please add some templates, check your FreeMarker configuration, or set spring.freemarker.checkTemplateLocation=false)
2020-10-02 23:13:49,316 INFO org.springframework.mock.web.MockServletContext [main] Initializing Spring TestDispatcherServlet ''
2020-10-02 23:13:49,317 INFO org.springframework.web.servlet.FrameworkServlet [main] Initializing Servlet ''
2020-10-02 23:13:49,333 INFO org.springframework.web.servlet.FrameworkServlet [main] Completed initialization in 16 ms
2020-10-02 23:13:49,380 INFO org.springframework.boot.StartupInfoLogger [main] Started ProfileResultControllerTest in 8.863 seconds (JVM running for 12.145)
2020-10-02 23:13:49,882 INFO org.springframework.scheduling.concurrent.ExecutorConfigurationSupport [SpringContextShutdownHook] Shutting down ExecutorService 'applicationTaskExecutor'
2020-10-02 23:13:49,886 INFO org.springframework.orm.jpa.AbstractEntityManagerFactoryBean [SpringContextShutdownHook] Closing JPA EntityManagerFactory for persistence unit 'default'
2020-10-02 23:13:49,892 INFO com.zaxxer.hikari.HikariDataSource [SpringContextShutdownHook] HikariPool-1 - Shutdown initiated...
2020-10-02 23:13:49,918 INFO com.zaxxer.hikari.HikariDataSource [SpringContextShutdownHook] HikariPool-1 - Shutdown completed.
2020-10-02 23:14:09,431 INFO org.springframework.boot.StartupInfoLogger [main] Starting ProfileResultControllerTest on MacBook-Air with PID 1256 (started by roman in /Users/roman/Desktop/work/work_coll2/work_collaboration/Roman/REST/demo)
2020-10-02 23:14:09,434 DEBUG org.springframework.boot.StartupInfoLogger [main] Running with Spring Boot v2.3.0.RELEASE, Spring v5.2.6.RELEASE
2020-10-02 23:14:09,436 INFO org.springframework.boot.SpringApplication [main] No active profile set, falling back to default profiles: default
2020-10-02 23:14:10,872 INFO org.springframework.data.repository.config.RepositoryConfigurationDelegate [main] Multiple Spring Data modules found, entering strict repository configuration mode!
2020-10-02 23:14:10,873 INFO org.springframework.data.repository.config.RepositoryConfigurationDelegate [main] Bootstrapping Spring Data JPA repositories in DEFAULT mode.
2020-10-02 23:14:10,996 INFO org.springframework.data.repository.config.RepositoryConfigurationDelegate [main] Finished Spring Data repository scanning in 104ms. Found 5 JPA repository interfaces.
2020-10-02 23:14:11,282 INFO org.springframework.data.repository.config.RepositoryConfigurationDelegate [main] Multiple Spring Data modules found, entering strict repository configuration mode!
2020-10-02 23:14:11,283 INFO org.springframework.data.repository.config.RepositoryConfigurationDelegate [main] Bootstrapping Spring Data JDBC repositories in DEFAULT mode.
2020-10-02 23:14:11,296 INFO org.springframework.data.repository.config.RepositoryConfigurationDelegate [main] Finished Spring Data repository scanning in 11ms. Found 0 JDBC repository interfaces.
2020-10-02 23:14:12,864 INFO org.hibernate.jpa.internal.util.LogHelper [main] HHH000204: Processing PersistenceUnitInfo [name: default]
2020-10-02 23:14:12,968 INFO org.hibernate.Version [main] HHH000412: Hibernate ORM core version 5.4.15.Final
2020-10-02 23:14:13,331 INFO org.hibernate.annotations.common.reflection.java.JavaReflectionManager [main] HCANN000001: Hibernate Commons Annotations {5.1.0.Final}
2020-10-02 23:14:13,614 INFO com.zaxxer.hikari.HikariDataSource [main] HikariPool-1 - Starting...
2020-10-02 23:14:13,832 INFO com.zaxxer.hikari.HikariDataSource [main] HikariPool-1 - Start completed.
2020-10-02 23:14:13,884 INFO org.hibernate.dialect.Dialect [main] HHH000400: Using dialect: org.hibernate.dialect.PostgreSQL10Dialect
2020-10-02 23:14:15,518 INFO org.hibernate.engine.transaction.jta.platform.internal.JtaPlatformInitiator [main] HHH000490: Using JtaPlatform implementation: [org.hibernate.engine.transaction.jta.platform.internal.NoJtaPlatform]
2020-10-02 23:14:15,530 INFO org.springframework.orm.jpa.AbstractEntityManagerFactoryBean [main] Initialized JPA EntityManagerFactory for persistence unit 'default'
2020-10-02 23:14:17,136 WARN org.springframework.boot.autoconfigure.orm.jpa.JpaBaseConfiguration$JpaWebConfiguration [main] spring.jpa.open-in-view is enabled by default. Therefore, database queries may be performed during view rendering. Explicitly configure spring.jpa.open-in-view to disable this warning
2020-10-02 23:14:17,614 INFO org.springframework.scheduling.concurrent.ExecutorConfigurationSupport [main] Initializing ExecutorService 'applicationTaskExecutor'
2020-10-02 23:14:18,544 WARN org.springframework.boot.autoconfigure.freemarker.FreeMarkerAutoConfiguration [main] Cannot find template location(s): [classpath:/templates/] (please add some templates, check your FreeMarker configuration, or set spring.freemarker.checkTemplateLocation=false)
2020-10-02 23:14:18,661 INFO org.springframework.mock.web.MockServletContext [main] Initializing Spring TestDispatcherServlet ''
2020-10-02 23:14:18,663 INFO org.springframework.web.servlet.FrameworkServlet [main] Initializing Servlet ''
2020-10-02 23:14:18,685 INFO org.springframework.web.servlet.FrameworkServlet [main] Completed initialization in 22 ms
2020-10-02 23:14:18,740 INFO org.springframework.boot.StartupInfoLogger [main] Started ProfileResultControllerTest in 10.482 seconds (JVM running for 16.808)
2020-10-02 23:14:34,204 INFO org.springframework.scheduling.concurrent.ExecutorConfigurationSupport [SpringContextShutdownHook] Shutting down ExecutorService 'applicationTaskExecutor'
2020-10-02 23:14:34,215 INFO org.springframework.orm.jpa.AbstractEntityManagerFactoryBean [SpringContextShutdownHook] Closing JPA EntityManagerFactory for persistence unit 'default'
2020-10-02 23:14:34,222 INFO com.zaxxer.hikari.HikariDataSource [SpringContextShutdownHook] HikariPool-1 - Shutdown initiated...
2020-10-02 23:14:34,258 INFO com.zaxxer.hikari.HikariDataSource [SpringContextShutdownHook] HikariPool-1 - Shutdown completed.
2020-10-02 23:14:53,340 INFO org.springframework.boot.StartupInfoLogger [main] Starting ProfileResultControllerTest on MacBook-Air with PID 1277 (started by roman in /Users/roman/Desktop/work/work_coll2/work_collaboration/Roman/REST/demo)
2020-10-02 23:14:53,344 DEBUG org.springframework.boot.StartupInfoLogger [main] Running with Spring Boot v2.3.0.RELEASE, Spring v5.2.6.RELEASE
2020-10-02 23:14:53,347 INFO org.springframework.boot.SpringApplication [main] No active profile set, falling back to default profiles: default
2020-10-02 23:14:54,542 INFO org.springframework.data.repository.config.RepositoryConfigurationDelegate [main] Multiple Spring Data modules found, entering strict repository configuration mode!
2020-10-02 23:14:54,543 INFO org.springframework.data.repository.config.RepositoryConfigurationDelegate [main] Bootstrapping Spring Data JPA repositories in DEFAULT mode.
2020-10-02 23:14:54,699 INFO org.springframework.data.repository.config.RepositoryConfigurationDelegate [main] Finished Spring Data repository scanning in 141ms. Found 5 JPA repository interfaces.
2020-10-02 23:14:54,990 INFO org.springframework.data.repository.config.RepositoryConfigurationDelegate [main] Multiple Spring Data modules found, entering strict repository configuration mode!
2020-10-02 23:14:54,993 INFO org.springframework.data.repository.config.RepositoryConfigurationDelegate [main] Bootstrapping Spring Data JDBC repositories in DEFAULT mode.
2020-10-02 23:14:55,020 INFO org.springframework.data.repository.config.RepositoryConfigurationDelegate [main] Finished Spring Data repository scanning in 25ms. Found 0 JDBC repository interfaces.
2020-10-02 23:14:57,315 INFO org.hibernate.jpa.internal.util.LogHelper [main] HHH000204: Processing PersistenceUnitInfo [name: default]
2020-10-02 23:14:57,524 INFO org.hibernate.Version [main] HHH000412: Hibernate ORM core version 5.4.15.Final
2020-10-02 23:14:57,869 INFO org.hibernate.annotations.common.reflection.java.JavaReflectionManager [main] HCANN000001: Hibernate Commons Annotations {5.1.0.Final}
2020-10-02 23:14:58,068 INFO com.zaxxer.hikari.HikariDataSource [main] HikariPool-1 - Starting...
2020-10-02 23:14:58,276 INFO com.zaxxer.hikari.HikariDataSource [main] HikariPool-1 - Start completed.
2020-10-02 23:14:58,466 INFO org.hibernate.dialect.Dialect [main] HHH000400: Using dialect: org.hibernate.dialect.PostgreSQL10Dialect
2020-10-02 23:15:01,002 INFO org.hibernate.engine.transaction.jta.platform.internal.JtaPlatformInitiator [main] HHH000490: Using JtaPlatform implementation: [org.hibernate.engine.transaction.jta.platform.internal.NoJtaPlatform]
2020-10-02 23:15:01,014 INFO org.springframework.orm.jpa.AbstractEntityManagerFactoryBean [main] Initialized JPA EntityManagerFactory for persistence unit 'default'
2020-10-02 23:15:02,459 WARN org.springframework.boot.autoconfigure.orm.jpa.JpaBaseConfiguration$JpaWebConfiguration [main] spring.jpa.open-in-view is enabled by default. Therefore, database queries may be performed during view rendering. Explicitly configure spring.jpa.open-in-view to disable this warning
2020-10-02 23:15:02,839 INFO org.springframework.scheduling.concurrent.ExecutorConfigurationSupport [main] Initializing ExecutorService 'applicationTaskExecutor'
2020-10-02 23:15:03,648 WARN org.springframework.boot.autoconfigure.freemarker.FreeMarkerAutoConfiguration [main] Cannot find template location(s): [classpath:/templates/] (please add some templates, check your FreeMarker configuration, or set spring.freemarker.checkTemplateLocation=false)
2020-10-02 23:15:03,772 INFO org.springframework.mock.web.MockServletContext [main] Initializing Spring TestDispatcherServlet ''
2020-10-02 23:15:03,773 INFO org.springframework.web.servlet.FrameworkServlet [main] Initializing Servlet ''
2020-10-02 23:15:03,795 INFO org.springframework.web.servlet.FrameworkServlet [main] Completed initialization in 21 ms
2020-10-02 23:15:03,837 INFO org.springframework.boot.StartupInfoLogger [main] Started ProfileResultControllerTest in 11.569 seconds (JVM running for 17.97)
2020-10-02 23:15:04,393 INFO org.springframework.scheduling.concurrent.ExecutorConfigurationSupport [SpringContextShutdownHook] Shutting down ExecutorService 'applicationTaskExecutor'
2020-10-02 23:15:04,398 INFO org.springframework.orm.jpa.AbstractEntityManagerFactoryBean [SpringContextShutdownHook] Closing JPA EntityManagerFactory for persistence unit 'default'
2020-10-02 23:15:04,402 INFO com.zaxxer.hikari.HikariDataSource [SpringContextShutdownHook] HikariPool-1 - Shutdown initiated...
2020-10-02 23:15:04,416 INFO com.zaxxer.hikari.HikariDataSource [SpringContextShutdownHook] HikariPool-1 - Shutdown completed.
2020-10-02 23:15:26,798 INFO org.springframework.boot.StartupInfoLogger [main] Starting ProfileResultControllerTest on MacBook-Air with PID 1299 (started by roman in /Users/roman/Desktop/work/work_coll2/work_collaboration/Roman/REST/demo)
2020-10-02 23:15:26,806 DEBUG org.springframework.boot.StartupInfoLogger [main] Running with Spring Boot v2.3.0.RELEASE, Spring v5.2.6.RELEASE
2020-10-02 23:15:26,812 INFO org.springframework.boot.SpringApplication [main] No active profile set, falling back to default profiles: default
2020-10-02 23:15:28,217 INFO org.springframework.data.repository.config.RepositoryConfigurationDelegate [main] Multiple Spring Data modules found, entering strict repository configuration mode!
2020-10-02 23:15:28,218 INFO org.springframework.data.repository.config.RepositoryConfigurationDelegate [main] Bootstrapping Spring Data JPA repositories in DEFAULT mode.
2020-10-02 23:15:28,338 INFO org.springframework.data.repository.config.RepositoryConfigurationDelegate [main] Finished Spring Data repository scanning in 99ms. Found 5 JPA repository interfaces.
2020-10-02 23:15:28,605 INFO org.springframework.data.repository.config.RepositoryConfigurationDelegate [main] Multiple Spring Data modules found, entering strict repository configuration mode!
2020-10-02 23:15:28,606 INFO org.springframework.data.repository.config.RepositoryConfigurationDelegate [main] Bootstrapping Spring Data JDBC repositories in DEFAULT mode.
2020-10-02 23:15:28,619 INFO org.springframework.data.repository.config.RepositoryConfigurationDelegate [main] Finished Spring Data repository scanning in 11ms. Found 0 JDBC repository interfaces.
2020-10-02 23:15:30,134 INFO org.hibernate.jpa.internal.util.LogHelper [main] HHH000204: Processing PersistenceUnitInfo [name: default]
2020-10-02 23:15:30,265 INFO org.hibernate.Version [main] HHH000412: Hibernate ORM core version 5.4.15.Final
2020-10-02 23:15:30,611 INFO org.hibernate.annotations.common.reflection.java.JavaReflectionManager [main] HCANN000001: Hibernate Commons Annotations {5.1.0.Final}
2020-10-02 23:15:30,800 INFO com.zaxxer.hikari.HikariDataSource [main] HikariPool-1 - Starting...
2020-10-02 23:15:30,980 INFO com.zaxxer.hikari.HikariDataSource [main] HikariPool-1 - Start completed.
2020-10-02 23:15:31,034 INFO org.hibernate.dialect.Dialect [main] HHH000400: Using dialect: org.hibernate.dialect.PostgreSQL10Dialect
2020-10-02 23:15:33,018 INFO org.hibernate.engine.transaction.jta.platform.internal.JtaPlatformInitiator [main] HHH000490: Using JtaPlatform implementation: [org.hibernate.engine.transaction.jta.platform.internal.NoJtaPlatform]
2020-10-02 23:15:33,034 INFO org.springframework.orm.jpa.AbstractEntityManagerFactoryBean [main] Initialized JPA EntityManagerFactory for persistence unit 'default'
2020-10-02 23:15:35,478 WARN org.springframework.boot.autoconfigure.orm.jpa.JpaBaseConfiguration$JpaWebConfiguration [main] spring.jpa.open-in-view is enabled by default. Therefore, database queries may be performed during view rendering. Explicitly configure spring.jpa.open-in-view to disable this warning
2020-10-02 23:15:36,320 INFO org.springframework.scheduling.concurrent.ExecutorConfigurationSupport [main] Initializing ExecutorService 'applicationTaskExecutor'
2020-10-02 23:15:37,386 WARN org.springframework.boot.autoconfigure.freemarker.FreeMarkerAutoConfiguration [main] Cannot find template location(s): [classpath:/templates/] (please add some templates, check your FreeMarker configuration, or set spring.freemarker.checkTemplateLocation=false)
2020-10-02 23:15:37,628 INFO org.springframework.mock.web.MockServletContext [main] Initializing Spring TestDispatcherServlet ''
2020-10-02 23:15:37,629 INFO org.springframework.web.servlet.FrameworkServlet [main] Initializing Servlet ''
2020-10-02 23:15:37,656 INFO org.springframework.web.servlet.FrameworkServlet [main] Completed initialization in 26 ms
2020-10-02 23:15:37,752 INFO org.springframework.boot.StartupInfoLogger [main] Started ProfileResultControllerTest in 12.44 seconds (JVM running for 18.149)
2020-10-02 23:16:04,490 INFO org.springframework.scheduling.concurrent.ExecutorConfigurationSupport [SpringContextShutdownHook] Shutting down ExecutorService 'applicationTaskExecutor'
2020-10-02 23:16:04,494 INFO org.springframework.orm.jpa.AbstractEntityManagerFactoryBean [SpringContextShutdownHook] Closing JPA EntityManagerFactory for persistence unit 'default'
2020-10-02 23:16:04,497 INFO com.zaxxer.hikari.HikariDataSource [SpringContextShutdownHook] HikariPool-1 - Shutdown initiated...
2020-10-02 23:16:04,510 INFO com.zaxxer.hikari.HikariDataSource [SpringContextShutdownHook] HikariPool-1 - Shutdown completed.
2020-10-02 23:18:13,551 INFO org.springframework.boot.StartupInfoLogger [main] Starting ProfileResultControllerTest on MacBook-Air with PID 1356 (started by roman in /Users/roman/Desktop/work/work_coll2/work_collaboration/Roman/REST/demo)
2020-10-02 23:18:13,555 DEBUG org.springframework.boot.StartupInfoLogger [main] Running with Spring Boot v2.3.0.RELEASE, Spring v5.2.6.RELEASE
2020-10-02 23:18:13,556 INFO org.springframework.boot.SpringApplication [main] No active profile set, falling back to default profiles: default
2020-10-02 23:18:14,850 INFO org.springframework.data.repository.config.RepositoryConfigurationDelegate [main] Multiple Spring Data modules found, entering strict repository configuration mode!
2020-10-02 23:18:14,850 INFO org.springframework.data.repository.config.RepositoryConfigurationDelegate [main] Bootstrapping Spring Data JPA repositories in DEFAULT mode.
2020-10-02 23:18:14,972 INFO org.springframework.data.repository.config.RepositoryConfigurationDelegate [main] Finished Spring Data repository scanning in 105ms. Found 5 JPA repository interfaces.
2020-10-02 23:18:15,387 INFO org.springframework.data.repository.config.RepositoryConfigurationDelegate [main] Multiple Spring Data modules found, entering strict repository configuration mode!
2020-10-02 23:18:15,389 INFO org.springframework.data.repository.config.RepositoryConfigurationDelegate [main] Bootstrapping Spring Data JDBC repositories in DEFAULT mode.
2020-10-02 23:18:15,405 INFO org.springframework.data.repository.config.RepositoryConfigurationDelegate [main] Finished Spring Data repository scanning in 13ms. Found 0 JDBC repository interfaces.
2020-10-02 23:18:16,737 INFO org.hibernate.jpa.internal.util.LogHelper [main] HHH000204: Processing PersistenceUnitInfo [name: default]
2020-10-02 23:18:16,840 INFO org.hibernate.Version [main] HHH000412: Hibernate ORM core version 5.4.15.Final
2020-10-02 23:18:17,137 INFO org.hibernate.annotations.common.reflection.java.JavaReflectionManager [main] HCANN000001: Hibernate Commons Annotations {5.1.0.Final}
2020-10-02 23:18:17,336 INFO com.zaxxer.hikari.HikariDataSource [main] HikariPool-1 - Starting...
2020-10-02 23:18:17,535 INFO com.zaxxer.hikari.HikariDataSource [main] HikariPool-1 - Start completed.
2020-10-02 23:18:17,599 INFO org.hibernate.dialect.Dialect [main] HHH000400: Using dialect: org.hibernate.dialect.PostgreSQL10Dialect
2020-10-02 23:18:19,217 INFO org.hibernate.engine.transaction.jta.platform.internal.JtaPlatformInitiator [main] HHH000490: Using JtaPlatform implementation: [org.hibernate.engine.transaction.jta.platform.internal.NoJtaPlatform]
2020-10-02 23:18:19,230 INFO org.springframework.orm.jpa.AbstractEntityManagerFactoryBean [main] Initialized JPA EntityManagerFactory for persistence unit 'default'
2020-10-02 23:18:20,604 WARN org.springframework.boot.autoconfigure.orm.jpa.JpaBaseConfiguration$JpaWebConfiguration [main] spring.jpa.open-in-view is enabled by default. Therefore, database queries may be performed during view rendering. Explicitly configure spring.jpa.open-in-view to disable this warning
2020-10-02 23:18:20,997 INFO org.springframework.scheduling.concurrent.ExecutorConfigurationSupport [main] Initializing ExecutorService 'applicationTaskExecutor'
2020-10-02 23:18:21,806 WARN org.springframework.boot.autoconfigure.freemarker.FreeMarkerAutoConfiguration [main] Cannot find template location(s): [classpath:/templates/] (please add some templates, check your FreeMarker configuration, or set spring.freemarker.checkTemplateLocation=false)
2020-10-02 23:18:21,908 INFO org.springframework.mock.web.MockServletContext [main] Initializing Spring TestDispatcherServlet ''
2020-10-02 23:18:21,909 INFO org.springframework.web.servlet.FrameworkServlet [main] Initializing Servlet ''
2020-10-02 23:18:21,927 INFO org.springframework.web.servlet.FrameworkServlet [main] Completed initialization in 17 ms
2020-10-02 23:18:21,975 INFO org.springframework.boot.StartupInfoLogger [main] Started ProfileResultControllerTest in 9.298 seconds (JVM running for 12.724)
2020-10-02 23:18:22,627 INFO com.example.log.Logging [main] Method(): changeProfileResult ! args: [ProfileResultView(profileId=12, sourceName=Ресурс 1, ownersName=Роман, tablesName=Таблица 2, fieldName=FirstName, nameDomain=FIO, comment=Тест 5)] ! 
2020-10-02 23:18:22,714 INFO org.springframework.scheduling.concurrent.ExecutorConfigurationSupport [SpringContextShutdownHook] Shutting down ExecutorService 'applicationTaskExecutor'
2020-10-02 23:18:22,720 INFO org.springframework.orm.jpa.AbstractEntityManagerFactoryBean [SpringContextShutdownHook] Closing JPA EntityManagerFactory for persistence unit 'default'
2020-10-02 23:18:22,722 INFO com.zaxxer.hikari.HikariDataSource [SpringContextShutdownHook] HikariPool-1 - Shutdown initiated...
2020-10-02 23:18:22,741 INFO com.zaxxer.hikari.HikariDataSource [SpringContextShutdownHook] HikariPool-1 - Shutdown completed.
2020-10-02 23:28:12,898 INFO org.springframework.boot.StartupInfoLogger [main] Starting SourceControllerTest on MacBook-Air with PID 1854 (started by roman in /Users/roman/Desktop/work/work_coll2/work_collaboration/Roman/REST/demo)
2020-10-02 23:28:12,901 DEBUG org.springframework.boot.StartupInfoLogger [main] Running with Spring Boot v2.3.0.RELEASE, Spring v5.2.6.RELEASE
2020-10-02 23:28:12,903 INFO org.springframework.boot.SpringApplication [main] No active profile set, falling back to default profiles: default
2020-10-02 23:28:14,032 INFO org.springframework.data.repository.config.RepositoryConfigurationDelegate [main] Multiple Spring Data modules found, entering strict repository configuration mode!
2020-10-02 23:28:14,033 INFO org.springframework.data.repository.config.RepositoryConfigurationDelegate [main] Bootstrapping Spring Data JPA repositories in DEFAULT mode.
2020-10-02 23:28:14,177 INFO org.springframework.data.repository.config.RepositoryConfigurationDelegate [main] Finished Spring Data repository scanning in 124ms. Found 5 JPA repository interfaces.
2020-10-02 23:28:14,473 INFO org.springframework.data.repository.config.RepositoryConfigurationDelegate [main] Multiple Spring Data modules found, entering strict repository configuration mode!
2020-10-02 23:28:14,474 INFO org.springframework.data.repository.config.RepositoryConfigurationDelegate [main] Bootstrapping Spring Data JDBC repositories in DEFAULT mode.
2020-10-02 23:28:14,485 INFO org.springframework.data.repository.config.RepositoryConfigurationDelegate [main] Finished Spring Data repository scanning in 10ms. Found 0 JDBC repository interfaces.
2020-10-02 23:28:15,703 INFO org.hibernate.jpa.internal.util.LogHelper [main] HHH000204: Processing PersistenceUnitInfo [name: default]
2020-10-02 23:28:15,866 INFO org.hibernate.Version [main] HHH000412: Hibernate ORM core version 5.4.15.Final
2020-10-02 23:28:16,146 INFO org.hibernate.annotations.common.reflection.java.JavaReflectionManager [main] HCANN000001: Hibernate Commons Annotations {5.1.0.Final}
2020-10-02 23:28:16,347 INFO com.zaxxer.hikari.HikariDataSource [main] HikariPool-1 - Starting...
2020-10-02 23:28:16,583 INFO com.zaxxer.hikari.HikariDataSource [main] HikariPool-1 - Start completed.
2020-10-02 23:28:16,653 INFO org.hibernate.dialect.Dialect [main] HHH000400: Using dialect: org.hibernate.dialect.PostgreSQL10Dialect
2020-10-02 23:28:18,277 INFO org.hibernate.engine.transaction.jta.platform.internal.JtaPlatformInitiator [main] HHH000490: Using JtaPlatform implementation: [org.hibernate.engine.transaction.jta.platform.internal.NoJtaPlatform]
2020-10-02 23:28:18,289 INFO org.springframework.orm.jpa.AbstractEntityManagerFactoryBean [main] Initialized JPA EntityManagerFactory for persistence unit 'default'
2020-10-02 23:28:19,680 WARN org.springframework.boot.autoconfigure.orm.jpa.JpaBaseConfiguration$JpaWebConfiguration [main] spring.jpa.open-in-view is enabled by default. Therefore, database queries may be performed during view rendering. Explicitly configure spring.jpa.open-in-view to disable this warning
2020-10-02 23:28:20,081 INFO org.springframework.scheduling.concurrent.ExecutorConfigurationSupport [main] Initializing ExecutorService 'applicationTaskExecutor'
2020-10-02 23:28:20,899 WARN org.springframework.boot.autoconfigure.freemarker.FreeMarkerAutoConfiguration [main] Cannot find template location(s): [classpath:/templates/] (please add some templates, check your FreeMarker configuration, or set spring.freemarker.checkTemplateLocation=false)
2020-10-02 23:28:21,014 INFO org.springframework.mock.web.MockServletContext [main] Initializing Spring TestDispatcherServlet ''
2020-10-02 23:28:21,015 INFO org.springframework.web.servlet.FrameworkServlet [main] Initializing Servlet ''
2020-10-02 23:28:21,032 INFO org.springframework.web.servlet.FrameworkServlet [main] Completed initialization in 17 ms
2020-10-02 23:28:21,065 INFO org.springframework.boot.StartupInfoLogger [main] Started SourceControllerTest in 9.245 seconds (JVM running for 12.473)
2020-10-02 23:28:21,784 INFO org.springframework.scheduling.concurrent.ExecutorConfigurationSupport [SpringContextShutdownHook] Shutting down ExecutorService 'applicationTaskExecutor'
2020-10-02 23:28:21,791 INFO org.springframework.orm.jpa.AbstractEntityManagerFactoryBean [SpringContextShutdownHook] Closing JPA EntityManagerFactory for persistence unit 'default'
2020-10-02 23:28:21,796 INFO com.zaxxer.hikari.HikariDataSource [SpringContextShutdownHook] HikariPool-1 - Shutdown initiated...
2020-10-02 23:28:21,823 INFO com.zaxxer.hikari.HikariDataSource [SpringContextShutdownHook] HikariPool-1 - Shutdown completed.
2020-10-02 23:28:43,502 INFO org.springframework.boot.StartupInfoLogger [main] Starting SourceControllerTest on MacBook-Air with PID 1872 (started by roman in /Users/roman/Desktop/work/work_coll2/work_collaboration/Roman/REST/demo)
2020-10-02 23:28:43,504 DEBUG org.springframework.boot.StartupInfoLogger [main] Running with Spring Boot v2.3.0.RELEASE, Spring v5.2.6.RELEASE
2020-10-02 23:28:43,506 INFO org.springframework.boot.SpringApplication [main] No active profile set, falling back to default profiles: default
2020-10-02 23:28:44,495 INFO org.springframework.data.repository.config.RepositoryConfigurationDelegate [main] Multiple Spring Data modules found, entering strict repository configuration mode!
2020-10-02 23:28:44,496 INFO org.springframework.data.repository.config.RepositoryConfigurationDelegate [main] Bootstrapping Spring Data JPA repositories in DEFAULT mode.
2020-10-02 23:28:44,599 INFO org.springframework.data.repository.config.RepositoryConfigurationDelegate [main] Finished Spring Data repository scanning in 83ms. Found 5 JPA repository interfaces.
2020-10-02 23:28:44,849 INFO org.springframework.data.repository.config.RepositoryConfigurationDelegate [main] Multiple Spring Data modules found, entering strict repository configuration mode!
2020-10-02 23:28:44,850 INFO org.springframework.data.repository.config.RepositoryConfigurationDelegate [main] Bootstrapping Spring Data JDBC repositories in DEFAULT mode.
2020-10-02 23:28:44,861 INFO org.springframework.data.repository.config.RepositoryConfigurationDelegate [main] Finished Spring Data repository scanning in 11ms. Found 0 JDBC repository interfaces.
2020-10-02 23:28:46,024 INFO org.hibernate.jpa.internal.util.LogHelper [main] HHH000204: Processing PersistenceUnitInfo [name: default]
2020-10-02 23:28:46,111 INFO org.hibernate.Version [main] HHH000412: Hibernate ORM core version 5.4.15.Final
2020-10-02 23:28:46,397 INFO org.hibernate.annotations.common.reflection.java.JavaReflectionManager [main] HCANN000001: Hibernate Commons Annotations {5.1.0.Final}
2020-10-02 23:28:46,569 INFO com.zaxxer.hikari.HikariDataSource [main] HikariPool-1 - Starting...
2020-10-02 23:28:46,746 INFO com.zaxxer.hikari.HikariDataSource [main] HikariPool-1 - Start completed.
2020-10-02 23:28:46,787 INFO org.hibernate.dialect.Dialect [main] HHH000400: Using dialect: org.hibernate.dialect.PostgreSQL10Dialect
2020-10-02 23:28:48,139 INFO org.hibernate.engine.transaction.jta.platform.internal.JtaPlatformInitiator [main] HHH000490: Using JtaPlatform implementation: [org.hibernate.engine.transaction.jta.platform.internal.NoJtaPlatform]
2020-10-02 23:28:48,148 INFO org.springframework.orm.jpa.AbstractEntityManagerFactoryBean [main] Initialized JPA EntityManagerFactory for persistence unit 'default'
2020-10-02 23:28:49,353 WARN org.springframework.boot.autoconfigure.orm.jpa.JpaBaseConfiguration$JpaWebConfiguration [main] spring.jpa.open-in-view is enabled by default. Therefore, database queries may be performed during view rendering. Explicitly configure spring.jpa.open-in-view to disable this warning
2020-10-02 23:28:49,773 INFO org.springframework.scheduling.concurrent.ExecutorConfigurationSupport [main] Initializing ExecutorService 'applicationTaskExecutor'
2020-10-02 23:28:50,566 WARN org.springframework.boot.autoconfigure.freemarker.FreeMarkerAutoConfiguration [main] Cannot find template location(s): [classpath:/templates/] (please add some templates, check your FreeMarker configuration, or set spring.freemarker.checkTemplateLocation=false)
2020-10-02 23:28:50,666 INFO org.springframework.mock.web.MockServletContext [main] Initializing Spring TestDispatcherServlet ''
2020-10-02 23:28:50,667 INFO org.springframework.web.servlet.FrameworkServlet [main] Initializing Servlet ''
2020-10-02 23:28:50,683 INFO org.springframework.web.servlet.FrameworkServlet [main] Completed initialization in 16 ms
2020-10-02 23:28:50,727 INFO org.springframework.boot.StartupInfoLogger [main] Started SourceControllerTest in 8.949 seconds (JVM running for 11.576)
2020-10-02 23:28:51,434 INFO org.springframework.scheduling.concurrent.ExecutorConfigurationSupport [SpringContextShutdownHook] Shutting down ExecutorService 'applicationTaskExecutor'
2020-10-02 23:28:51,438 INFO org.springframework.orm.jpa.AbstractEntityManagerFactoryBean [SpringContextShutdownHook] Closing JPA EntityManagerFactory for persistence unit 'default'
2020-10-02 23:28:51,442 INFO com.zaxxer.hikari.HikariDataSource [SpringContextShutdownHook] HikariPool-1 - Shutdown initiated...
2020-10-02 23:28:51,454 INFO com.zaxxer.hikari.HikariDataSource [SpringContextShutdownHook] HikariPool-1 - Shutdown completed.
